{"C:\\Users\\Ken Wayne Fitzjansen\\IP-REPEAT\\server\\app.js": {"path":"C:\\Users\\Ken Wayne Fitzjansen\\IP-REPEAT\\server\\app.js","statementMap":{"0":{"start":{"line":1,"column":0},"end":{"line":3,"column":1}},"1":{"start":{"line":2,"column":2},"end":{"line":2,"column":29}},"2":{"start":{"line":4,"column":16},"end":{"line":4,"column":34}},"3":{"start":{"line":5,"column":12},"end":{"line":5,"column":21}},"4":{"start":{"line":6,"column":15},"end":{"line":6,"column":35}},"5":{"start":{"line":7,"column":18},"end":{"line":7,"column":55}},"6":{"start":{"line":8,"column":13},"end":{"line":8,"column":28}},"7":{"start":{"line":10,"column":0},"end":{"line":10,"column":16}},"8":{"start":{"line":11,"column":0},"end":{"line":11,"column":48}},"9":{"start":{"line":12,"column":0},"end":{"line":12,"column":24}},"10":{"start":{"line":14,"column":0},"end":{"line":14,"column":16}},"11":{"start":{"line":15,"column":0},"end":{"line":15,"column":19}},"12":{"start":{"line":17,"column":0},"end":{"line":17,"column":21}}},"fnMap":{},"branchMap":{"0":{"loc":{"start":{"line":1,"column":0},"end":{"line":3,"column":1}},"type":"if","locations":[{"start":{"line":1,"column":0},"end":{"line":3,"column":1}},{"start":{},"end":{}}],"line":1}},"s":{"0":1,"1":1,"2":1,"3":1,"4":1,"5":1,"6":1,"7":1,"8":1,"9":1,"10":1,"11":1,"12":1},"f":{},"b":{"0":[1,0]},"_coverageSchema":"1a1c01bbd47fc00a2c39e90264f33305004495a9","hash":"a6f0a822fe33b89484bcdf965bef61b27a8646c3"}
,"C:\\Users\\Ken Wayne Fitzjansen\\IP-REPEAT\\server\\controllers\\controller.js": {"path":"C:\\Users\\Ken Wayne Fitzjansen\\IP-REPEAT\\server\\controllers\\controller.js","statementMap":{"0":{"start":{"line":1,"column":22},"end":{"line":1,"column":47}},"1":{"start":{"line":2,"column":17},"end":{"line":2,"column":37}},"2":{"start":{"line":3,"column":17},"end":{"line":3,"column":45}},"3":{"start":{"line":4,"column":25},"end":{"line":4,"column":55}},"4":{"start":{"line":5,"column":15},"end":{"line":5,"column":33}},"5":{"start":{"line":9,"column":4},"end":{"line":19,"column":5}},"6":{"start":{"line":10,"column":19},"end":{"line":10,"column":46}},"7":{"start":{"line":11,"column":6},"end":{"line":15,"column":9}},"8":{"start":{"line":17,"column":6},"end":{"line":17,"column":25}},"9":{"start":{"line":18,"column":6},"end":{"line":18,"column":18}},"10":{"start":{"line":23,"column":4},"end":{"line":48,"column":5}},"11":{"start":{"line":24,"column":34},"end":{"line":24,"column":42}},"12":{"start":{"line":25,"column":6},"end":{"line":25,"column":49}},"13":{"start":{"line":26,"column":6},"end":{"line":28,"column":7}},"14":{"start":{"line":27,"column":8},"end":{"line":27,"column":37}},"15":{"start":{"line":29,"column":6},"end":{"line":31,"column":7}},"16":{"start":{"line":30,"column":8},"end":{"line":30,"column":40}},"17":{"start":{"line":33,"column":19},"end":{"line":33,"column":59}},"18":{"start":{"line":34,"column":6},"end":{"line":36,"column":7}},"19":{"start":{"line":35,"column":8},"end":{"line":35,"column":39}},"20":{"start":{"line":38,"column":23},"end":{"line":38,"column":65}},"21":{"start":{"line":39,"column":6},"end":{"line":41,"column":7}},"22":{"start":{"line":40,"column":8},"end":{"line":40,"column":39}},"23":{"start":{"line":42,"column":27},"end":{"line":42,"column":72}},"24":{"start":{"line":44,"column":6},"end":{"line":44,"column":45}},"25":{"start":{"line":46,"column":6},"end":{"line":46,"column":25}},"26":{"start":{"line":47,"column":6},"end":{"line":47,"column":18}},"27":{"start":{"line":52,"column":4},"end":{"line":74,"column":5}},"28":{"start":{"line":53,"column":6},"end":{"line":53,"column":28}},"29":{"start":{"line":54,"column":26},"end":{"line":58,"column":8}},"30":{"start":{"line":60,"column":30},"end":{"line":67,"column":8}},"31":{"start":{"line":69,"column":27},"end":{"line":69,"column":72}},"32":{"start":{"line":70,"column":6},"end":{"line":70,"column":45}},"33":{"start":{"line":72,"column":6},"end":{"line":72,"column":25}},"34":{"start":{"line":73,"column":6},"end":{"line":73,"column":18}},"35":{"start":{"line":78,"column":4},"end":{"line":156,"column":5}},"36":{"start":{"line":79,"column":21},"end":{"line":79,"column":32}},"37":{"start":{"line":85,"column":10},"end":{"line":85,"column":18}},"38":{"start":{"line":87,"column":23},"end":{"line":89,"column":8}},"39":{"start":{"line":91,"column":18},"end":{"line":91,"column":28}},"40":{"start":{"line":92,"column":28},"end":{"line":94,"column":71}},"41":{"start":{"line":96,"column":29},"end":{"line":96,"column":63}},"42":{"start":{"line":97,"column":6},"end":{"line":97,"column":48}},"43":{"start":{"line":97,"column":21},"end":{"line":97,"column":48}},"44":{"start":{"line":100,"column":6},"end":{"line":101,"column":77}},"45":{"start":{"line":101,"column":8},"end":{"line":101,"column":77}},"46":{"start":{"line":103,"column":6},"end":{"line":153,"column":7}},"47":{"start":{"line":104,"column":29},"end":{"line":106,"column":9}},"48":{"start":{"line":108,"column":8},"end":{"line":121,"column":9}},"49":{"start":{"line":109,"column":10},"end":{"line":109,"column":58}},"50":{"start":{"line":110,"column":15},"end":{"line":121,"column":9}},"51":{"start":{"line":111,"column":10},"end":{"line":113,"column":13}},"52":{"start":{"line":114,"column":15},"end":{"line":121,"column":9}},"53":{"start":{"line":115,"column":10},"end":{"line":115,"column":55}},"54":{"start":{"line":116,"column":10},"end":{"line":116,"column":68}},"55":{"start":{"line":117,"column":10},"end":{"line":120,"column":13}},"56":{"start":{"line":123,"column":24},"end":{"line":140,"column":10}},"57":{"start":{"line":142,"column":35},"end":{"line":142,"column":45}},"58":{"start":{"line":144,"column":8},"end":{"line":149,"column":11}},"59":{"start":{"line":152,"column":8},"end":{"line":152,"column":51}},"60":{"start":{"line":155,"column":6},"end":{"line":155,"column":18}},"61":{"start":{"line":160,"column":4},"end":{"line":202,"column":5}},"62":{"start":{"line":161,"column":21},"end":{"line":161,"column":32}},"63":{"start":{"line":162,"column":23},"end":{"line":164,"column":8}},"64":{"start":{"line":166,"column":6},"end":{"line":170,"column":10}},"65":{"start":{"line":167,"column":8},"end":{"line":170,"column":10}},"66":{"start":{"line":172,"column":6},"end":{"line":173,"column":77}},"67":{"start":{"line":173,"column":8},"end":{"line":173,"column":77}},"68":{"start":{"line":175,"column":6},"end":{"line":199,"column":7}},"69":{"start":{"line":176,"column":29},"end":{"line":178,"column":9}},"70":{"start":{"line":180,"column":8},"end":{"line":192,"column":9}},"71":{"start":{"line":181,"column":10},"end":{"line":181,"column":58}},"72":{"start":{"line":182,"column":15},"end":{"line":192,"column":9}},"73":{"start":{"line":183,"column":10},"end":{"line":185,"column":13}},"74":{"start":{"line":186,"column":15},"end":{"line":192,"column":9}},"75":{"start":{"line":187,"column":10},"end":{"line":187,"column":55}},"76":{"start":{"line":188,"column":10},"end":{"line":188,"column":68}},"77":{"start":{"line":189,"column":10},"end":{"line":191,"column":13}},"78":{"start":{"line":194,"column":8},"end":{"line":194,"column":53}},"79":{"start":{"line":195,"column":8},"end":{"line":195,"column":66}},"80":{"start":{"line":196,"column":8},"end":{"line":198,"column":76}},"81":{"start":{"line":201,"column":6},"end":{"line":201,"column":18}},"82":{"start":{"line":206,"column":0},"end":{"line":206,"column":28}}},"fnMap":{"0":{"name":"(anonymous_0)","decl":{"start":{"line":8,"column":2},"end":{"line":8,"column":3}},"loc":{"start":{"line":8,"column":40},"end":{"line":20,"column":3}},"line":8},"1":{"name":"(anonymous_1)","decl":{"start":{"line":22,"column":2},"end":{"line":22,"column":3}},"loc":{"start":{"line":22,"column":37},"end":{"line":49,"column":3}},"line":22},"2":{"name":"(anonymous_2)","decl":{"start":{"line":51,"column":2},"end":{"line":51,"column":3}},"loc":{"start":{"line":51,"column":43},"end":{"line":75,"column":3}},"line":51},"3":{"name":"(anonymous_3)","decl":{"start":{"line":77,"column":2},"end":{"line":77,"column":3}},"loc":{"start":{"line":77,"column":50},"end":{"line":157,"column":3}},"line":77},"4":{"name":"(anonymous_4)","decl":{"start":{"line":159,"column":2},"end":{"line":159,"column":3}},"loc":{"start":{"line":159,"column":48},"end":{"line":203,"column":3}},"line":159}},"branchMap":{"0":{"loc":{"start":{"line":26,"column":6},"end":{"line":28,"column":7}},"type":"if","locations":[{"start":{"line":26,"column":6},"end":{"line":28,"column":7}},{"start":{},"end":{}}],"line":26},"1":{"loc":{"start":{"line":29,"column":6},"end":{"line":31,"column":7}},"type":"if","locations":[{"start":{"line":29,"column":6},"end":{"line":31,"column":7}},{"start":{},"end":{}}],"line":29},"2":{"loc":{"start":{"line":34,"column":6},"end":{"line":36,"column":7}},"type":"if","locations":[{"start":{"line":34,"column":6},"end":{"line":36,"column":7}},{"start":{},"end":{}}],"line":34},"3":{"loc":{"start":{"line":39,"column":6},"end":{"line":41,"column":7}},"type":"if","locations":[{"start":{"line":39,"column":6},"end":{"line":41,"column":7}},{"start":{},"end":{}}],"line":39},"4":{"loc":{"start":{"line":97,"column":6},"end":{"line":97,"column":48}},"type":"if","locations":[{"start":{"line":97,"column":6},"end":{"line":97,"column":48}},{"start":{},"end":{}}],"line":97},"5":{"loc":{"start":{"line":100,"column":6},"end":{"line":101,"column":77}},"type":"if","locations":[{"start":{"line":100,"column":6},"end":{"line":101,"column":77}},{"start":{},"end":{}}],"line":100},"6":{"loc":{"start":{"line":103,"column":6},"end":{"line":153,"column":7}},"type":"if","locations":[{"start":{"line":103,"column":6},"end":{"line":153,"column":7}},{"start":{"line":122,"column":13},"end":{"line":153,"column":7}}],"line":103},"7":{"loc":{"start":{"line":108,"column":8},"end":{"line":121,"column":9}},"type":"if","locations":[{"start":{"line":108,"column":8},"end":{"line":121,"column":9}},{"start":{"line":110,"column":15},"end":{"line":121,"column":9}}],"line":108},"8":{"loc":{"start":{"line":110,"column":15},"end":{"line":121,"column":9}},"type":"if","locations":[{"start":{"line":110,"column":15},"end":{"line":121,"column":9}},{"start":{"line":114,"column":15},"end":{"line":121,"column":9}}],"line":110},"9":{"loc":{"start":{"line":114,"column":15},"end":{"line":121,"column":9}},"type":"if","locations":[{"start":{"line":114,"column":15},"end":{"line":121,"column":9}},{"start":{},"end":{}}],"line":114},"10":{"loc":{"start":{"line":166,"column":6},"end":{"line":170,"column":10}},"type":"if","locations":[{"start":{"line":166,"column":6},"end":{"line":170,"column":10}},{"start":{},"end":{}}],"line":166},"11":{"loc":{"start":{"line":172,"column":6},"end":{"line":173,"column":77}},"type":"if","locations":[{"start":{"line":172,"column":6},"end":{"line":173,"column":77}},{"start":{},"end":{}}],"line":172},"12":{"loc":{"start":{"line":175,"column":6},"end":{"line":199,"column":7}},"type":"if","locations":[{"start":{"line":175,"column":6},"end":{"line":199,"column":7}},{"start":{"line":193,"column":13},"end":{"line":199,"column":7}}],"line":175},"13":{"loc":{"start":{"line":180,"column":8},"end":{"line":192,"column":9}},"type":"if","locations":[{"start":{"line":180,"column":8},"end":{"line":192,"column":9}},{"start":{"line":182,"column":15},"end":{"line":192,"column":9}}],"line":180},"14":{"loc":{"start":{"line":182,"column":15},"end":{"line":192,"column":9}},"type":"if","locations":[{"start":{"line":182,"column":15},"end":{"line":192,"column":9}},{"start":{"line":186,"column":15},"end":{"line":192,"column":9}}],"line":182},"15":{"loc":{"start":{"line":186,"column":15},"end":{"line":192,"column":9}},"type":"if","locations":[{"start":{"line":186,"column":15},"end":{"line":192,"column":9}},{"start":{},"end":{}}],"line":186}},"s":{"0":1,"1":1,"2":1,"3":1,"4":1,"5":1,"6":1,"7":0,"8":1,"9":1,"10":0,"11":0,"12":0,"13":0,"14":0,"15":0,"16":0,"17":0,"18":0,"19":0,"20":0,"21":0,"22":0,"23":0,"24":0,"25":0,"26":0,"27":0,"28":0,"29":0,"30":0,"31":0,"32":0,"33":0,"34":0,"35":0,"36":0,"37":0,"38":0,"39":0,"40":0,"41":0,"42":0,"43":0,"44":0,"45":0,"46":0,"47":0,"48":0,"49":0,"50":0,"51":0,"52":0,"53":0,"54":0,"55":0,"56":0,"57":0,"58":0,"59":0,"60":0,"61":0,"62":0,"63":0,"64":0,"65":0,"66":0,"67":0,"68":0,"69":0,"70":0,"71":0,"72":0,"73":0,"74":0,"75":0,"76":0,"77":0,"78":0,"79":0,"80":0,"81":0,"82":1},"f":{"0":1,"1":0,"2":0,"3":0,"4":0},"b":{"0":[0,0],"1":[0,0],"2":[0,0],"3":[0,0],"4":[0,0],"5":[0,0],"6":[0,0],"7":[0,0],"8":[0,0],"9":[0,0],"10":[0,0],"11":[0,0],"12":[0,0],"13":[0,0],"14":[0,0],"15":[0,0]},"_coverageSchema":"1a1c01bbd47fc00a2c39e90264f33305004495a9","hash":"8a7ef7fa54b1363fd4d39904ded4a05aca021c44"}
,"C:\\Users\\Ken Wayne Fitzjansen\\IP-REPEAT\\server\\helpers\\bcrypt.js": {"path":"C:\\Users\\Ken Wayne Fitzjansen\\IP-REPEAT\\server\\helpers\\bcrypt.js","statementMap":{"0":{"start":{"line":1,"column":15},"end":{"line":1,"column":34}},"1":{"start":{"line":3,"column":17},"end":{"line":5,"column":1}},"2":{"start":{"line":4,"column":2},"end":{"line":4,"column":39}},"3":{"start":{"line":7,"column":17},"end":{"line":9,"column":1}},"4":{"start":{"line":8,"column":2},"end":{"line":8,"column":50}},"5":{"start":{"line":11,"column":0},"end":{"line":11,"column":40}}},"fnMap":{"0":{"name":"(anonymous_0)","decl":{"start":{"line":3,"column":17},"end":{"line":3,"column":18}},"loc":{"start":{"line":3,"column":31},"end":{"line":5,"column":1}},"line":3},"1":{"name":"(anonymous_1)","decl":{"start":{"line":7,"column":17},"end":{"line":7,"column":18}},"loc":{"start":{"line":7,"column":43},"end":{"line":9,"column":1}},"line":7}},"branchMap":{},"s":{"0":1,"1":1,"2":2,"3":1,"4":0,"5":1},"f":{"0":2,"1":0},"b":{},"_coverageSchema":"1a1c01bbd47fc00a2c39e90264f33305004495a9","hash":"21e7c96b4d0890e9d9bc8031cb70b7e84c55762b"}
,"C:\\Users\\Ken Wayne Fitzjansen\\IP-REPEAT\\server\\helpers\\jwt.js": {"path":"C:\\Users\\Ken Wayne Fitzjansen\\IP-REPEAT\\server\\helpers\\jwt.js","statementMap":{"0":{"start":{"line":1,"column":12},"end":{"line":1,"column":35}},"1":{"start":{"line":3,"column":18},"end":{"line":5,"column":1}},"2":{"start":{"line":4,"column":2},"end":{"line":4,"column":51}},"3":{"start":{"line":7,"column":20},"end":{"line":9,"column":1}},"4":{"start":{"line":8,"column":2},"end":{"line":8,"column":51}},"5":{"start":{"line":11,"column":0},"end":{"line":11,"column":44}}},"fnMap":{"0":{"name":"(anonymous_0)","decl":{"start":{"line":3,"column":18},"end":{"line":3,"column":19}},"loc":{"start":{"line":3,"column":31},"end":{"line":5,"column":1}},"line":3},"1":{"name":"(anonymous_1)","decl":{"start":{"line":7,"column":20},"end":{"line":7,"column":21}},"loc":{"start":{"line":7,"column":31},"end":{"line":9,"column":1}},"line":7}},"branchMap":{},"s":{"0":1,"1":1,"2":0,"3":1,"4":0,"5":1},"f":{"0":0,"1":0},"b":{},"_coverageSchema":"1a1c01bbd47fc00a2c39e90264f33305004495a9","hash":"adc70c31acab0ebbb597795b81b1f3f1002051b8"}
,"C:\\Users\\Ken Wayne Fitzjansen\\IP-REPEAT\\server\\middlewares\\authentication.js": {"path":"C:\\Users\\Ken Wayne Fitzjansen\\IP-REPEAT\\server\\middlewares\\authentication.js","statementMap":{"0":{"start":{"line":1,"column":24},"end":{"line":1,"column":49}},"1":{"start":{"line":2,"column":17},"end":{"line":2,"column":37}},"2":{"start":{"line":4,"column":13},"end":{"line":31,"column":1}},"3":{"start":{"line":5,"column":2},"end":{"line":30,"column":3}},"4":{"start":{"line":6,"column":30},"end":{"line":6,"column":41}},"5":{"start":{"line":7,"column":4},"end":{"line":10,"column":8}},"6":{"start":{"line":8,"column":6},"end":{"line":10,"column":8}},"7":{"start":{"line":12,"column":26},"end":{"line":12,"column":50}},"8":{"start":{"line":13,"column":4},"end":{"line":16,"column":8}},"9":{"start":{"line":14,"column":6},"end":{"line":16,"column":8}},"10":{"start":{"line":18,"column":20},"end":{"line":18,"column":38}},"11":{"start":{"line":19,"column":17},"end":{"line":19,"column":48}},"12":{"start":{"line":20,"column":4},"end":{"line":23,"column":8}},"13":{"start":{"line":21,"column":6},"end":{"line":23,"column":8}},"14":{"start":{"line":25,"column":4},"end":{"line":25,"column":20}},"15":{"start":{"line":27,"column":4},"end":{"line":27,"column":11}},"16":{"start":{"line":29,"column":4},"end":{"line":29,"column":16}},"17":{"start":{"line":33,"column":0},"end":{"line":33,"column":22}}},"fnMap":{"0":{"name":"(anonymous_0)","decl":{"start":{"line":4,"column":13},"end":{"line":4,"column":14}},"loc":{"start":{"line":4,"column":39},"end":{"line":31,"column":1}},"line":4}},"branchMap":{"0":{"loc":{"start":{"line":7,"column":4},"end":{"line":10,"column":8}},"type":"if","locations":[{"start":{"line":7,"column":4},"end":{"line":10,"column":8}},{"start":{},"end":{}}],"line":7},"1":{"loc":{"start":{"line":13,"column":4},"end":{"line":16,"column":8}},"type":"if","locations":[{"start":{"line":13,"column":4},"end":{"line":16,"column":8}},{"start":{},"end":{}}],"line":13},"2":{"loc":{"start":{"line":20,"column":4},"end":{"line":23,"column":8}},"type":"if","locations":[{"start":{"line":20,"column":4},"end":{"line":23,"column":8}},{"start":{},"end":{}}],"line":20}},"s":{"0":1,"1":1,"2":1,"3":0,"4":0,"5":0,"6":0,"7":0,"8":0,"9":0,"10":0,"11":0,"12":0,"13":0,"14":0,"15":0,"16":0,"17":1},"f":{"0":0},"b":{"0":[0,0],"1":[0,0],"2":[0,0]},"_coverageSchema":"1a1c01bbd47fc00a2c39e90264f33305004495a9","hash":"bb4cf3acb741be981a395e086b58f2c9f42ec257"}
,"C:\\Users\\Ken Wayne Fitzjansen\\IP-REPEAT\\server\\middlewares\\errorHandler.js": {"path":"C:\\Users\\Ken Wayne Fitzjansen\\IP-REPEAT\\server\\middlewares\\errorHandler.js","statementMap":{"0":{"start":{"line":1,"column":18},"end":{"line":32,"column":3}},"1":{"start":{"line":2,"column":4},"end":{"line":31,"column":5}},"2":{"start":{"line":5,"column":8},"end":{"line":5,"column":65}},"3":{"start":{"line":6,"column":8},"end":{"line":6,"column":14}},"4":{"start":{"line":8,"column":8},"end":{"line":8,"column":63}},"5":{"start":{"line":9,"column":8},"end":{"line":9,"column":14}},"6":{"start":{"line":11,"column":8},"end":{"line":11,"column":66}},"7":{"start":{"line":12,"column":8},"end":{"line":12,"column":14}},"8":{"start":{"line":14,"column":8},"end":{"line":14,"column":66}},"9":{"start":{"line":15,"column":8},"end":{"line":15,"column":14}},"10":{"start":{"line":17,"column":8},"end":{"line":17,"column":60}},"11":{"start":{"line":18,"column":8},"end":{"line":18,"column":14}},"12":{"start":{"line":21,"column":8},"end":{"line":21,"column":59}},"13":{"start":{"line":22,"column":8},"end":{"line":22,"column":14}},"14":{"start":{"line":24,"column":8},"end":{"line":24,"column":68}},"15":{"start":{"line":25,"column":8},"end":{"line":25,"column":14}},"16":{"start":{"line":28,"column":8},"end":{"line":28,"column":25}},"17":{"start":{"line":29,"column":8},"end":{"line":29,"column":67}},"18":{"start":{"line":30,"column":8},"end":{"line":30,"column":14}},"19":{"start":{"line":33,"column":2},"end":{"line":33,"column":29}}},"fnMap":{"0":{"name":"(anonymous_0)","decl":{"start":{"line":1,"column":18},"end":{"line":1,"column":19}},"loc":{"start":{"line":1,"column":43},"end":{"line":32,"column":3}},"line":1}},"branchMap":{"0":{"loc":{"start":{"line":2,"column":4},"end":{"line":31,"column":5}},"type":"switch","locations":[{"start":{"line":3,"column":6},"end":{"line":3,"column":38}},{"start":{"line":4,"column":6},"end":{"line":6,"column":14}},{"start":{"line":7,"column":6},"end":{"line":9,"column":14}},{"start":{"line":10,"column":6},"end":{"line":12,"column":14}},{"start":{"line":13,"column":6},"end":{"line":15,"column":14}},{"start":{"line":16,"column":6},"end":{"line":18,"column":14}},{"start":{"line":19,"column":6},"end":{"line":19,"column":26}},{"start":{"line":20,"column":6},"end":{"line":22,"column":14}},{"start":{"line":23,"column":6},"end":{"line":25,"column":14}},{"start":{"line":27,"column":6},"end":{"line":30,"column":14}}],"line":2}},"s":{"0":1,"1":1,"2":1,"3":1,"4":0,"5":0,"6":0,"7":0,"8":0,"9":0,"10":0,"11":0,"12":0,"13":0,"14":0,"15":0,"16":0,"17":0,"18":0,"19":1},"f":{"0":1},"b":{"0":[0,1,0,0,0,0,0,0,0,0]},"_coverageSchema":"1a1c01bbd47fc00a2c39e90264f33305004495a9","hash":"afc1b111b882993698ffd404f20f74d1c8b9cf5d"}
,"C:\\Users\\Ken Wayne Fitzjansen\\IP-REPEAT\\server\\models\\index.js": {"path":"C:\\Users\\Ken Wayne Fitzjansen\\IP-REPEAT\\server\\models\\index.js","statementMap":{"0":{"start":{"line":3,"column":11},"end":{"line":3,"column":24}},"1":{"start":{"line":4,"column":13},"end":{"line":4,"column":28}},"2":{"start":{"line":5,"column":18},"end":{"line":5,"column":38}},"3":{"start":{"line":6,"column":16},"end":{"line":6,"column":34}},"4":{"start":{"line":7,"column":17},"end":{"line":7,"column":42}},"5":{"start":{"line":8,"column":12},"end":{"line":8,"column":49}},"6":{"start":{"line":9,"column":15},"end":{"line":9,"column":65}},"7":{"start":{"line":10,"column":11},"end":{"line":10,"column":13}},"8":{"start":{"line":13,"column":0},"end":{"line":17,"column":1}},"9":{"start":{"line":14,"column":2},"end":{"line":14,"column":74}},"10":{"start":{"line":16,"column":2},"end":{"line":16,"column":87}},"11":{"start":{"line":19,"column":0},"end":{"line":32,"column":5}},"12":{"start":{"line":22,"column":4},"end":{"line":27,"column":6}},"13":{"start":{"line":30,"column":18},"end":{"line":30,"column":85}},"14":{"start":{"line":31,"column":4},"end":{"line":31,"column":27}},"15":{"start":{"line":34,"column":0},"end":{"line":38,"column":3}},"16":{"start":{"line":35,"column":2},"end":{"line":37,"column":3}},"17":{"start":{"line":36,"column":4},"end":{"line":36,"column":32}},"18":{"start":{"line":40,"column":0},"end":{"line":40,"column":25}},"19":{"start":{"line":41,"column":0},"end":{"line":41,"column":25}},"20":{"start":{"line":43,"column":0},"end":{"line":43,"column":20}}},"fnMap":{"0":{"name":"(anonymous_0)","decl":{"start":{"line":21,"column":10},"end":{"line":21,"column":11}},"loc":{"start":{"line":21,"column":18},"end":{"line":28,"column":3}},"line":21},"1":{"name":"(anonymous_1)","decl":{"start":{"line":29,"column":11},"end":{"line":29,"column":12}},"loc":{"start":{"line":29,"column":19},"end":{"line":32,"column":3}},"line":29},"2":{"name":"(anonymous_2)","decl":{"start":{"line":34,"column":24},"end":{"line":34,"column":25}},"loc":{"start":{"line":34,"column":37},"end":{"line":38,"column":1}},"line":34}},"branchMap":{"0":{"loc":{"start":{"line":8,"column":12},"end":{"line":8,"column":49}},"type":"binary-expr","locations":[{"start":{"line":8,"column":12},"end":{"line":8,"column":32}},{"start":{"line":8,"column":36},"end":{"line":8,"column":49}}],"line":8},"1":{"loc":{"start":{"line":13,"column":0},"end":{"line":17,"column":1}},"type":"if","locations":[{"start":{"line":13,"column":0},"end":{"line":17,"column":1}},{"start":{"line":15,"column":7},"end":{"line":17,"column":1}}],"line":13},"2":{"loc":{"start":{"line":23,"column":6},"end":{"line":26,"column":37}},"type":"binary-expr","locations":[{"start":{"line":23,"column":6},"end":{"line":23,"column":29}},{"start":{"line":24,"column":6},"end":{"line":24,"column":23}},{"start":{"line":25,"column":6},"end":{"line":25,"column":30}},{"start":{"line":26,"column":6},"end":{"line":26,"column":37}}],"line":23},"3":{"loc":{"start":{"line":35,"column":2},"end":{"line":37,"column":3}},"type":"if","locations":[{"start":{"line":35,"column":2},"end":{"line":37,"column":3}},{"start":{},"end":{}}],"line":35}},"s":{"0":1,"1":1,"2":1,"3":1,"4":1,"5":1,"6":1,"7":1,"8":1,"9":0,"10":1,"11":1,"12":3,"13":2,"14":2,"15":1,"16":2,"17":2,"18":1,"19":1,"20":1},"f":{"0":3,"1":2,"2":2},"b":{"0":[1,0],"1":[0,1],"2":[3,3,2,2],"3":[2,0]},"_coverageSchema":"1a1c01bbd47fc00a2c39e90264f33305004495a9","hash":"409a14d85d0bcb76472e1bec32c6253102765f0a"}
,"C:\\Users\\Ken Wayne Fitzjansen\\IP-REPEAT\\server\\models\\transaction.js": {"path":"C:\\Users\\Ken Wayne Fitzjansen\\IP-REPEAT\\server\\models\\transaction.js","statementMap":{"0":{"start":{"line":4,"column":4},"end":{"line":4,"column":24}},"1":{"start":{"line":5,"column":0},"end":{"line":63,"column":2}},"2":{"start":{"line":13,"column":5},"end":{"line":13,"column":65}},"3":{"start":{"line":17,"column":2},"end":{"line":61,"column":5}},"4":{"start":{"line":62,"column":2},"end":{"line":62,"column":21}}},"fnMap":{"0":{"name":"(anonymous_0)","decl":{"start":{"line":5,"column":17},"end":{"line":5,"column":18}},"loc":{"start":{"line":5,"column":43},"end":{"line":63,"column":1}},"line":5},"1":{"name":"(anonymous_1)","decl":{"start":{"line":12,"column":4},"end":{"line":12,"column":5}},"loc":{"start":{"line":12,"column":29},"end":{"line":15,"column":5}},"line":12}},"branchMap":{},"s":{"0":1,"1":1,"2":1,"3":1,"4":1},"f":{"0":1,"1":1},"b":{},"_coverageSchema":"1a1c01bbd47fc00a2c39e90264f33305004495a9","hash":"7490482f929ccde68ec4d064e0eaa69376fc4288"}
,"C:\\Users\\Ken Wayne Fitzjansen\\IP-REPEAT\\server\\models\\user.js": {"path":"C:\\Users\\Ken Wayne Fitzjansen\\IP-REPEAT\\server\\models\\user.js","statementMap":{"0":{"start":{"line":2,"column":18},"end":{"line":2,"column":38}},"1":{"start":{"line":3,"column":21},"end":{"line":3,"column":49}},"2":{"start":{"line":4,"column":0},"end":{"line":74,"column":2}},"3":{"start":{"line":12,"column":6},"end":{"line":12,"column":65}},"4":{"start":{"line":16,"column":2},"end":{"line":72,"column":4}},"5":{"start":{"line":65,"column":10},"end":{"line":65,"column":58}},"6":{"start":{"line":73,"column":2},"end":{"line":73,"column":14}}},"fnMap":{"0":{"name":"(anonymous_0)","decl":{"start":{"line":4,"column":17},"end":{"line":4,"column":18}},"loc":{"start":{"line":4,"column":43},"end":{"line":74,"column":1}},"line":4},"1":{"name":"(anonymous_1)","decl":{"start":{"line":11,"column":4},"end":{"line":11,"column":5}},"loc":{"start":{"line":11,"column":29},"end":{"line":14,"column":5}},"line":11},"2":{"name":"(anonymous_2)","decl":{"start":{"line":64,"column":22},"end":{"line":64,"column":23}},"loc":{"start":{"line":64,"column":36},"end":{"line":66,"column":9}},"line":64}},"branchMap":{},"s":{"0":1,"1":1,"2":1,"3":1,"4":1,"5":2,"6":1},"f":{"0":1,"1":1,"2":2},"b":{},"_coverageSchema":"1a1c01bbd47fc00a2c39e90264f33305004495a9","hash":"09e263318bb0e369474274896cffd2b1bb38211a"}
,"C:\\Users\\Ken Wayne Fitzjansen\\IP-REPEAT\\server\\routers\\index.js": {"path":"C:\\Users\\Ken Wayne Fitzjansen\\IP-REPEAT\\server\\routers\\index.js","statementMap":{"0":{"start":{"line":1,"column":16},"end":{"line":1,"column":34}},"1":{"start":{"line":2,"column":15},"end":{"line":2,"column":31}},"2":{"start":{"line":3,"column":13},"end":{"line":3,"column":53}},"3":{"start":{"line":4,"column":18},"end":{"line":4,"column":56}},"4":{"start":{"line":5,"column":19},"end":{"line":5,"column":55}},"5":{"start":{"line":7,"column":0},"end":{"line":7,"column":46}},"6":{"start":{"line":8,"column":0},"end":{"line":8,"column":40}},"7":{"start":{"line":9,"column":0},"end":{"line":9,"column":53}},"8":{"start":{"line":10,"column":0},"end":{"line":10,"column":55}},"9":{"start":{"line":13,"column":0},"end":{"line":13,"column":17}},"10":{"start":{"line":14,"column":0},"end":{"line":14,"column":22}},"11":{"start":{"line":15,"column":0},"end":{"line":15,"column":24}}},"fnMap":{},"branchMap":{},"s":{"0":1,"1":1,"2":1,"3":1,"4":1,"5":1,"6":1,"7":1,"8":1,"9":1,"10":1,"11":1},"f":{},"b":{},"_coverageSchema":"1a1c01bbd47fc00a2c39e90264f33305004495a9","hash":"03c717fc3fc153b72ab15db786a6714cd79be5a9"}
}
